[2017-06-13 09:28:57][WHMCS Installer] DEBUG: Installer bootstrapped []
[2017-06-13 09:33:31][WHMCS Installer] DEBUG: Installer bootstrapped []
[2017-06-13 09:33:31][WHMCS Installer] INFO: Previous install not detected; a fresh install will be attempted []
[2017-06-13 09:35:21][WHMCS Installer] DEBUG: Installer bootstrapped []
[2017-06-13 09:35:21][WHMCS Installer] INFO: Previous install not detected; a fresh install will be attempted []
[2017-06-13 09:35:26][WHMCS Installer] DEBUG: Installer bootstrapped []
[2017-06-13 09:37:55][WHMCS Installer] DEBUG: Installer bootstrapped []
[2017-06-13 09:37:56][WHMCS Installer] INFO: New configuration file has been written []
[2017-06-13 09:37:56][WHMCS Installer] INFO: Applying base SQL schema []
[2017-06-13 09:39:08][WHMCS Installer] DEBUG: Installer bootstrapped []
[2017-06-13 09:39:08][WHMCS Installer] INFO: Creating initial admin account []
[2017-06-13 09:39:08][WHMCS Installer] INFO: Applying incremental updates to base install schema []
[2017-06-13 09:39:08][WHMCS Installer] INFO: Applying Updates for 3.2.1-release.1 []
[2017-06-13 09:39:08][WHMCS Installer] INFO: Removing any obsolete file and directories []
[2017-06-13 09:39:08][WHMCS Installer] INFO: Applying Updates for 3.2.2-release.1 []
[2017-06-13 09:39:09][WHMCS Installer] INFO: Removing any obsolete file and directories []
[2017-06-13 09:39:09][WHMCS Installer] INFO: Applying Updates for 3.2.3-release.1 []
[2017-06-13 09:39:09][WHMCS Installer] INFO: Removing any obsolete file and directories []
[2017-06-13 09:39:09][WHMCS Installer] INFO: Applying Updates for 3.3.0-release.1 []
[2017-06-13 09:39:13][WHMCS Installer] INFO: Removing any obsolete file and directories []
[2017-06-13 09:39:13][WHMCS Installer] INFO: Applying Updates for 3.4.0-release.1 []
[2017-06-13 09:39:20][WHMCS Installer] INFO: Removing any obsolete file and directories []
[2017-06-13 09:39:20][WHMCS Installer] INFO: Applying Updates for 3.4.1-release.1 []
[2017-06-13 09:39:23][WHMCS Installer] INFO: Removing any obsolete file and directories []
[2017-06-13 09:39:23][WHMCS Installer] INFO: Applying Updates for 3.5.0-release.1 []
[2017-06-13 09:39:32][WHMCS Installer] INFO: Removing any obsolete file and directories []
[2017-06-13 09:39:32][WHMCS Installer] INFO: Applying Updates for 3.5.1-release.1 []
[2017-06-13 09:39:33][WHMCS Installer] INFO: Removing any obsolete file and directories []
[2017-06-13 09:39:33][WHMCS Installer] INFO: Applying Updates for 3.6.0-release.1 []
[2017-06-13 09:39:44][WHMCS Installer] INFO: Removing any obsolete file and directories []
[2017-06-13 09:39:44][WHMCS Installer] INFO: Applying Updates for 3.6.1-release.1 []
[2017-06-13 09:39:48][WHMCS Installer] INFO: Removing any obsolete file and directories []
[2017-06-13 09:39:48][WHMCS Installer] INFO: Applying Updates for 3.6.2-release.1 []
[2017-06-13 09:40:55][WHMCS Installer] INFO: Removing any obsolete file and directories []
[2017-06-13 09:40:55][WHMCS Installer] INFO: Applying Updates for 3.7.0-release.1 []
[2017-06-13 09:41:06][WHMCS Installer] INFO: Removing any obsolete file and directories []
[2017-06-13 09:41:06][WHMCS Installer] INFO: Applying Updates for 3.7.1-release.1 []
[2017-06-13 09:41:06][WHMCS Installer] INFO: Removing any obsolete file and directories []
[2017-06-13 09:41:06][WHMCS Installer] INFO: Applying Updates for 3.7.2-release.1 []
[2017-06-13 09:41:06][WHMCS Installer] INFO: Removing any obsolete file and directories []
[2017-06-13 09:41:06][WHMCS Installer] INFO: Applying Updates for 3.8.0-release.1 []
[2017-06-13 09:41:12][WHMCS Installer] INFO: Removing any obsolete file and directories []
[2017-06-13 09:41:12][WHMCS Installer] INFO: Applying Updates for 3.8.1-release.1 []
[2017-06-13 09:41:12][WHMCS Installer] INFO: Removing any obsolete file and directories []
[2017-06-13 09:41:12][WHMCS Installer] INFO: Applying Updates for 3.8.2-release.1 []
[2017-06-13 09:41:12][WHMCS Installer] INFO: Removing any obsolete file and directories []
[2017-06-13 09:41:12][WHMCS Installer] INFO: Applying Updates for 4.0.0-release.1 []
[2017-06-13 09:41:28][WHMCS Installer] INFO: Removing any obsolete file and directories []
[2017-06-13 09:41:28][WHMCS Installer] INFO: Applying Updates for 4.0.1-release.1 []
[2017-06-13 09:41:29][WHMCS Installer] INFO: Removing any obsolete file and directories []
[2017-06-13 09:41:29][WHMCS Installer] INFO: Applying Updates for 4.1.0-release.1 []
[2017-06-13 09:41:38][WHMCS Installer] INFO: Removing any obsolete file and directories []
[2017-06-13 09:41:38][WHMCS Installer] INFO: Applying Updates for 4.1.1-release.1 []
[2017-06-13 09:41:38][WHMCS Installer] INFO: Removing any obsolete file and directories []
[2017-06-13 09:41:38][WHMCS Installer] INFO: Applying Updates for 4.1.2-release.1 []
[2017-06-13 09:41:38][WHMCS Installer] INFO: Removing any obsolete file and directories []
[2017-06-13 09:41:38][WHMCS Installer] INFO: Applying Updates for 4.2.0-release.1 []
[2017-06-13 09:41:47][WHMCS Installer] INFO: Removing any obsolete file and directories []
[2017-06-13 09:41:47][WHMCS Installer] INFO: Applying Updates for 4.2.1-release.1 []
[2017-06-13 09:41:48][WHMCS Installer] INFO: Removing any obsolete file and directories []
[2017-06-13 09:41:48][WHMCS Installer] INFO: Applying Updates for 4.3.0-release.1 []
[2017-06-13 09:41:50][WHMCS Installer] INFO: Removing any obsolete file and directories []
[2017-06-13 09:41:50][WHMCS Installer] INFO: Applying Updates for 4.3.1-release.1 []
[2017-06-13 09:41:50][WHMCS Installer] INFO: Removing any obsolete file and directories []
[2017-06-13 09:41:50][WHMCS Installer] INFO: Applying Updates for 4.4.0-release.1 []
[2017-06-13 09:41:54][WHMCS Installer] INFO: Removing any obsolete file and directories []
[2017-06-13 09:41:54][WHMCS Installer] INFO: Applying Updates for 4.4.1-release.1 []
[2017-06-13 09:41:54][WHMCS Installer] INFO: Removing any obsolete file and directories []
[2017-06-13 09:41:54][WHMCS Installer] INFO: Applying Updates for 4.4.2-release.1 []
[2017-06-13 09:41:54][WHMCS Installer] INFO: Removing any obsolete file and directories []
[2017-06-13 09:41:54][WHMCS Installer] INFO: Applying Updates for 4.5.0-release.1 []
[2017-06-13 09:42:01][WHMCS Installer] INFO: Removing any obsolete file and directories []
[2017-06-13 09:42:01][WHMCS Installer] INFO: Applying Updates for 4.5.1-release.1 []
[2017-06-13 09:42:01][WHMCS Installer] INFO: Removing any obsolete file and directories []
[2017-06-13 09:42:01][WHMCS Installer] INFO: Applying Updates for 4.5.2-release.1 []
[2017-06-13 09:42:03][WHMCS Installer] INFO: Removing any obsolete file and directories []
[2017-06-13 09:42:03][WHMCS Installer] INFO: Applying Updates for 5.0.0-release.1 []
[2017-06-13 09:42:09][WHMCS Installer] INFO: Removing any obsolete file and directories []
[2017-06-13 09:42:09][WHMCS Installer] INFO: Applying Updates for 5.0.1-release.1 []
[2017-06-13 09:42:14][WHMCS Installer] INFO: Removing any obsolete file and directories []
[2017-06-13 09:42:14][WHMCS Installer] INFO: Applying Updates for 5.0.2-release.1 []
[2017-06-13 09:42:14][WHMCS Installer] INFO: Removing any obsolete file and directories []
[2017-06-13 09:42:14][WHMCS Installer] INFO: Applying Updates for 5.0.3-release.1 []
[2017-06-13 09:42:14][WHMCS Installer] INFO: Removing any obsolete file and directories []
[2017-06-13 09:42:14][WHMCS Installer] INFO: Applying Updates for 5.1.0-release.1 []
[2017-06-13 09:42:24][WHMCS Installer] INFO: Removing any obsolete file and directories []
[2017-06-13 09:42:24][WHMCS Installer] INFO: Applying Updates for 5.1.1-release.1 []
[2017-06-13 09:42:24][WHMCS Installer] INFO: Removing any obsolete file and directories []
[2017-06-13 09:42:24][WHMCS Installer] INFO: Applying Updates for 5.1.2-release.1 []
[2017-06-13 09:42:24][WHMCS Installer] INFO: Removing any obsolete file and directories []
[2017-06-13 09:42:24][WHMCS Installer] INFO: Applying Updates for 5.2.0-release.1 []
[2017-06-13 09:42:30][WHMCS Installer] INFO: Removing any obsolete file and directories []
[2017-06-13 09:42:30][WHMCS Installer] INFO: Applying Updates for 5.2.1-release.1 []
[2017-06-13 09:42:31][WHMCS Installer] INFO: Removing any obsolete file and directories []
[2017-06-13 09:42:31][WHMCS Installer] INFO: Applying Updates for 5.2.2-release.1 []
[2017-06-13 09:42:31][WHMCS Installer] INFO: Removing any obsolete file and directories []
[2017-06-13 09:42:31][WHMCS Installer] INFO: Applying Updates for 5.2.3-release.1 []
[2017-06-13 09:42:31][WHMCS Installer] INFO: Removing any obsolete file and directories []
[2017-06-13 09:42:31][WHMCS Installer] INFO: Applying Updates for 5.2.4-release.1 []
[2017-06-13 09:42:32][WHMCS Installer] INFO: Removing any obsolete file and directories []
[2017-06-13 09:42:32][WHMCS Installer] INFO: Applying Updates for 5.2.5-release.1 []
[2017-06-13 09:42:32][WHMCS Installer] INFO: Removing any obsolete file and directories []
[2017-06-13 09:42:32][WHMCS Installer] INFO: Applying Updates for 5.3.0-release.1 []
[2017-06-13 09:42:32][WHMCS Installer] INFO: Removing any obsolete file and directories []
[2017-06-13 09:42:32][WHMCS Installer] INFO: Applying Updates for 5.3.1-release.1 []
[2017-06-13 09:42:32][WHMCS Installer] INFO: Removing any obsolete file and directories []
[2017-06-13 09:42:32][WHMCS Installer] INFO: Applying Updates for 5.3.2-release.1 []
[2017-06-13 09:42:33][WHMCS Installer] INFO: Removing any obsolete file and directories []
[2017-06-13 09:42:33][WHMCS Installer] INFO: Applying Updates for 5.3.3-rc.1 []
[2017-06-13 09:42:33][WHMCS Installer] INFO: Removing any obsolete file and directories []
[2017-06-13 09:42:33][WHMCS Installer] INFO: Applying Updates for 5.3.3-rc.2 []
[2017-06-13 09:42:33][WHMCS Installer] INFO: Removing any obsolete file and directories []
[2017-06-13 09:42:33][WHMCS Installer] INFO: Applying Updates for 5.3.3-release.1 []
[2017-06-13 09:42:33][WHMCS Installer] INFO: Removing any obsolete file and directories []
[2017-06-13 09:42:33][WHMCS Installer] INFO: Applying Updates for 5.3.4-release.1 []
[2017-06-13 09:42:33][WHMCS Installer] INFO: Removing any obsolete file and directories []
[2017-06-13 09:42:33][WHMCS Installer] INFO: Applying Updates for 5.3.5-release.1 []
[2017-06-13 09:42:33][WHMCS Installer] INFO: Removing any obsolete file and directories []
[2017-06-13 09:42:33][WHMCS Installer] INFO: Applying Updates for 5.3.6-release.1 []
[2017-06-13 09:42:33][WHMCS Installer] INFO: Removing any obsolete file and directories []
[2017-06-13 09:42:33][WHMCS Installer] INFO: Applying Updates for 5.3.7-release.1 []
[2017-06-13 09:42:33][WHMCS Installer] INFO: Removing any obsolete file and directories []
[2017-06-13 09:42:33][WHMCS Installer] INFO: Applying Updates for 5.3.8-release.1 []
[2017-06-13 09:42:33][WHMCS Installer] INFO: Removing any obsolete file and directories []
[2017-06-13 09:42:33][WHMCS Installer] INFO: Applying Updates for 5.3.9-release.1 []
[2017-06-13 09:42:34][WHMCS Installer] INFO: Removing any obsolete file and directories []
[2017-06-13 09:42:34][WHMCS Installer] INFO: Applying Updates for 5.3.12-release.1 []
[2017-06-13 09:42:35][WHMCS Installer] INFO: Removing any obsolete file and directories []
[2017-06-13 09:42:35][WHMCS Installer] INFO: Applying Updates for 6.0.0-alpha.1 []
[2017-06-13 09:43:10][WHMCS Installer] INFO: Performing Update Action: removeDuplicateSettings []
[2017-06-13 09:43:10][WHMCS Installer] INFO: Performing Update Action: convertMailTemplateBooleanColumns []
[2017-06-13 09:43:13][WHMCS Installer] INFO: Performing Update Action: convertClientUnixTimestampColumns []
[2017-06-13 09:43:14][WHMCS Installer] INFO: Performing Update Action: convertClientBooleanColumns []
[2017-06-13 09:43:19][WHMCS Installer] INFO: Performing Update Action: convertDomainBooleanColumns []
[2017-06-13 09:43:23][WHMCS Installer] INFO: Performing Update Action: convertProductBooleanColumns []
[2017-06-13 09:43:29][WHMCS Installer] INFO: Performing Update Action: convertProductGroupBooleanColumns []
[2017-06-13 09:43:29][WHMCS Installer] INFO: Performing Update Action: convertDownloadBooleanColumns []
[2017-06-13 09:43:32][WHMCS Installer] INFO: Performing Update Action: convertDownloadCategoryBooleanColumns []
[2017-06-13 09:43:32][WHMCS Installer] INFO: Performing Update Action: migrateProductDownloadIdsToItsTable []
[2017-06-13 09:43:33][WHMCS Installer] INFO: Performing Update Action: migrateProductUpgradeIdsToItsTable []
[2017-06-13 09:43:34][WHMCS Installer] INFO: Performing Update Action: convertServiceBooleanColumns []
[2017-06-13 09:43:35][WHMCS Installer] INFO: Performing Update Action: convertAnnouncementBooleanColumns []
[2017-06-13 09:43:35][WHMCS Installer] INFO: Performing Update Action: updateAdminUserForAutoReleaseModule []
[2017-06-13 09:43:35][WHMCS Installer] INFO: Performing Update Action: createServiceUnsuspendedEmailTemplate []
[2017-06-13 09:43:35][WHMCS Installer] INFO: Performing Update Action: addManualUpgradeRequiredEmailTemplate []
[2017-06-13 09:43:35][WHMCS Installer] INFO: Performing Update Action: convertNoMD5Passwords []
[2017-06-13 09:43:35][WHMCS Installer] INFO: Performing Update Action: populateTopLevelDomainsAndCategories []
[2017-06-13 09:45:47][WHMCS Installer] INFO: Performing Update Action: migrateDiscontinuedOrderFormTemplates []
[2017-06-13 09:45:47][WHMCS Installer] INFO: Performing Update Action: migrateDiscontinuedAdminOriginalTemplate []
[2017-06-13 09:45:47][WHMCS Installer] INFO: Performing Update Action: convertContactUnixTimestampColumns []
[2017-06-13 09:45:48][WHMCS Installer] INFO: Removing any obsolete file and directories []
[2017-06-13 09:45:48][WHMCS Installer] INFO: Applying Updates for 6.0.0-beta.1 []
[2017-06-13 09:45:49][WHMCS Installer] INFO: Removing any obsolete file and directories []
[2017-06-13 09:45:49][WHMCS Installer] INFO: Applying Updates for 6.0.0-beta.2 []
[2017-06-13 09:45:49][WHMCS Installer] INFO: Removing any obsolete file and directories []
[2017-06-13 09:45:49][WHMCS Installer] INFO: Applying Updates for 6.0.0-beta.3 []
[2017-06-13 09:45:49][WHMCS Installer] INFO: Removing any obsolete file and directories []
[2017-06-13 09:45:49][WHMCS Installer] INFO: Applying Updates for 6.0.0-beta.4 []
[2017-06-13 09:45:49][WHMCS Installer] INFO: Performing Update Action: updateExpiredDomainNoticeTemplate []
[2017-06-13 09:45:49][WHMCS Installer] INFO: Performing Update Action: adjustAffiliatePayoutDefault []
[2017-06-13 09:45:49][WHMCS Installer] INFO: Removing any obsolete file and directories []
[2017-06-13 09:45:49][WHMCS Installer] INFO: Applying Updates for 6.0.0-beta.5 []
[2017-06-13 09:45:49][WHMCS Installer] INFO: Removing any obsolete file and directories []
[2017-06-13 09:45:49][WHMCS Installer] INFO: Applying Updates for 6.0.0-rc.1 []
[2017-06-13 09:45:49][WHMCS Installer] INFO: Removing any obsolete file and directories []
[2017-06-13 09:45:49][WHMCS Installer] INFO: Applying Updates for 6.0.0-rc.2 []
[2017-06-13 09:45:49][WHMCS Installer] INFO: Removing any obsolete file and directories []
[2017-06-13 09:45:49][WHMCS Installer] INFO: Applying Updates for 6.0.0-rc.3 []
[2017-06-13 09:45:49][WHMCS Installer] INFO: Removing any obsolete file and directories []
[2017-06-13 09:45:49][WHMCS Installer] INFO: Applying Updates for 6.0.0-release.1 []
[2017-06-13 09:45:49][WHMCS Installer] INFO: Removing any obsolete file and directories []
[2017-06-13 09:45:49][WHMCS Installer] INFO: Applying Updates for 6.0.1-release.1 []
[2017-06-13 09:45:49][WHMCS Installer] INFO: Performing Update Action: migrateFixedInvoiceDataAddon []
[2017-06-13 09:45:49][WHMCS Installer] INFO: Removing any obsolete file and directories []
[2017-06-13 09:45:49][WHMCS Installer] INFO: Applying Updates for 6.0.2-release.1 []
[2017-06-13 09:45:49][WHMCS Installer] INFO: Removing any obsolete file and directories []
[2017-06-13 09:45:49][WHMCS Installer] INFO: Applying Updates for 6.1.0-alpha.1 []
[2017-06-13 09:45:52][WHMCS Installer] INFO: Performing Update Action: migrateMaxMindIgnoreCity []
[2017-06-13 09:45:52][WHMCS Installer] INFO: Performing Update Action: moveAttachmentsProjectsFiles []
[2017-06-13 09:45:52][WHMCS Installer] INFO: Performing Update Action: detectCronRunForHealthAndUpdates []
[2017-06-13 09:45:52][WHMCS Installer] INFO: Removing any obsolete file and directories []
[2017-06-13 09:45:52][WHMCS Installer] INFO: Applying Updates for 6.1.0-rc.1 []
[2017-06-13 09:45:52][WHMCS Installer] INFO: Removing any obsolete file and directories []
[2017-06-13 09:45:52][WHMCS Installer] INFO: Applying Updates for 6.1.0-release.1 []
[2017-06-13 09:45:53][WHMCS Installer] INFO: Removing any obsolete file and directories []
[2017-06-13 09:45:53][WHMCS Installer] INFO: Applying Updates for 6.1.1-release.1 []
[2017-06-13 09:45:53][WHMCS Installer] INFO: Removing any obsolete file and directories []
[2017-06-13 09:45:53][WHMCS Installer] INFO: Applying Updates for 6.2.0-alpha.1 []
[2017-06-13 09:46:00][WHMCS Installer] INFO: Performing Update Action: createUuidColumnsIfNecessary []
[2017-06-13 09:46:00][WHMCS Installer] INFO: Performing Update Action: createUuids []
[2017-06-13 09:46:01][WHMCS Installer] INFO: Removing any obsolete file and directories []
[2017-06-13 09:46:01][WHMCS Installer] INFO: Applying Updates for 6.2.0-rc.1 []
[2017-06-13 09:46:01][WHMCS Installer] INFO: Removing any obsolete file and directories []
[2017-06-13 09:46:01][WHMCS Installer] INFO: Applying Updates for 6.2.0-release.1 []
[2017-06-13 09:46:01][WHMCS Installer] INFO: Removing any obsolete file and directories []
[2017-06-13 09:46:01][WHMCS Installer] INFO: Applying Updates for 6.2.1-release.1 []
[2017-06-13 09:46:01][WHMCS Installer] INFO: Removing any obsolete file and directories []
[2017-06-13 09:46:01][WHMCS Installer] INFO: Applying Updates for 6.2.2-release.1 []
[2017-06-13 09:46:01][WHMCS Installer] INFO: Removing any obsolete file and directories []
[2017-06-13 09:46:01][WHMCS Installer] INFO: Applying Updates for 6.3.0-alpha.1 []
[2017-06-13 09:46:06][WHMCS Installer] INFO: Performing Update Action: migrateOpenIDValues []
[2017-06-13 09:46:06][WHMCS Installer] INFO: Performing Update Action: createTicketNotificationEmail []
[2017-06-13 09:46:06][WHMCS Installer] INFO: Removing any obsolete file and directories []
[2017-06-13 09:46:06][WHMCS Installer] INFO: Applying Updates for 6.3.0-rc.1 []
[2017-06-13 09:46:09][WHMCS Installer] INFO: Performing Update Action: insertUpgradeTimeForMDE []
[2017-06-13 09:46:09][WHMCS Installer] INFO: Removing any obsolete file and directories []
[2017-06-13 09:46:09][WHMCS Installer] INFO: Applying Updates for 6.3.0-release.1 []
[2017-06-13 09:46:09][WHMCS Installer] INFO: Performing Update Action: newEmailHeader []
[2017-06-13 09:46:09][WHMCS Installer] INFO: Performing Update Action: newEmailCss []
[2017-06-13 09:46:09][WHMCS Installer] INFO: Performing Update Action: newEmailFooter []
[2017-06-13 09:46:09][WHMCS Installer] INFO: Performing Update Action: updateCreateTicketNotificationEmail []
[2017-06-13 09:46:09][WHMCS Installer] INFO: Performing Update Action: removeOldAdminSupportEmailTemplates []
[2017-06-13 09:46:09][WHMCS Installer] INFO: Removing any obsolete file and directories []
[2017-06-13 09:46:09][WHMCS Installer] INFO: Applying Updates for 6.3.1-release.1 []
[2017-06-13 09:46:09][WHMCS Installer] INFO: Removing any obsolete file and directories []
[2017-06-13 09:46:09][WHMCS Installer] INFO: Applying Updates for 7.0.0-alpha.1 []
[2017-06-13 09:46:11][WHMCS Installer] INFO: Removing any obsolete file and directories []
[2017-06-13 09:46:11][WHMCS Installer] INFO: Applying Updates for 7.0.0-alpha.5 []
[2017-06-13 09:46:11][WHMCS Installer] INFO: Performing Update Action: updateEnomDomainLookupProviderSetting []
[2017-06-13 09:46:11][WHMCS Installer] INFO: Performing Update Action: removeToggleInfoPopup []
[2017-06-13 09:46:11][WHMCS Installer] INFO: Performing Update Action: disableSetupWizardForUpgrades []
[2017-06-13 09:46:11][WHMCS Installer] INFO: Removing any obsolete file and directories []
[2017-06-13 09:46:11][WHMCS Installer] INFO: Applying Updates for 7.0.0-beta.1 []
[2017-06-13 09:46:11][WHMCS Installer] INFO: Performing Update Action: removeLegacyClassLocations []
[2017-06-13 09:46:11][WHMCS Installer] INFO: Removing any obsolete file and directories []
[2017-06-13 09:46:11][WHMCS Installer] INFO: Applying Updates for 7.0.0-beta.2 []
[2017-06-13 09:46:12][WHMCS Installer] INFO: Performing Update Action: migrateSystemSslUrl []
[2017-06-13 09:46:12][WHMCS Installer] INFO: Performing Update Action: decodeEmailTemplates []
[2017-06-13 09:46:13][WHMCS Installer] INFO: Removing any obsolete file and directories []
[2017-06-13 09:46:13][WHMCS Installer] INFO: Applying Updates for 7.0.0-rc.1 []
[2017-06-13 09:46:13][WHMCS Installer] INFO: Performing Update Action: setDefaultUpdateDetails []
[2017-06-13 09:46:13][WHMCS Installer] INFO: Performing Update Action: setDefaultDailyCronInvocationHour []
[2017-06-13 09:46:13][WHMCS Installer] INFO: Removing any obsolete file and directories []
[2017-06-13 09:46:13][WHMCS Installer] INFO: Applying Updates for 7.0.0-release.1 []
[2017-06-13 09:46:13][WHMCS Installer] INFO: Performing Update Action: mutateDailyCronConfigurations []
[2017-06-13 09:46:13][WHMCS Installer] INFO: Removing any obsolete file and directories []
[2017-06-13 09:46:13][WHMCS Installer] INFO: Applying Updates for 7.0.1-release.1 []
[2017-06-13 09:46:13][WHMCS Installer] INFO: Performing Update Action: removeAdminForceSSLSetting []
[2017-06-13 09:46:13][WHMCS Installer] INFO: Removing any obsolete file and directories []
[2017-06-13 09:46:13][WHMCS Installer] INFO: Applying Updates for 7.1.0-alpha.1 []
[2017-06-13 09:46:20][WHMCS Installer] INFO: Performing Update Action: addAdminPasswordResetVerificationEmailTemplate []
[2017-06-13 09:46:20][WHMCS Installer] INFO: Performing Update Action: addAdminPasswordResetConfirmationEmailTemplate []
[2017-06-13 09:46:20][WHMCS Installer] INFO: Removing any obsolete file and directories []
[2017-06-13 09:46:20][WHMCS Installer] INFO: Applying Updates for 7.1.0-beta.1 []
[2017-06-13 09:46:22][WHMCS Installer] INFO: Performing Update Action: updateCronTasksNextDue []
[2017-06-13 09:46:23][WHMCS Installer] INFO: Performing Update Action: migrateLookupProviderSettings []
[2017-06-13 09:46:23][WHMCS Installer] INFO: Performing Update Action: removeLegacyAdminWidgets []
[2017-06-13 09:46:23][WHMCS Installer] INFO: Removing any obsolete file and directories []
[2017-06-13 09:46:23][WHMCS Installer] INFO: Applying Updates for 7.1.0-rc.1 []
[2017-06-13 09:46:24][WHMCS Installer] INFO: Removing any obsolete file and directories []
[2017-06-13 09:46:24][WHMCS Installer] INFO: Applying Updates for 7.1.0-release.1 []
[2017-06-13 09:46:24][WHMCS Installer] INFO: Removing any obsolete file and directories []
[2017-06-13 09:46:24][WHMCS Installer] INFO: Applying Updates for 7.1.1-release.1 []
[2017-06-13 09:46:24][WHMCS Installer] INFO: Removing any obsolete file and directories []
[2017-06-13 09:46:24][WHMCS Installer] INFO: Applying Updates for 7.1.2-release.1 []
[2017-06-13 09:46:24][WHMCS Installer] INFO: Performing Update Action: updateEmailTemplatesToCorrectPropagatedSpelling []
[2017-06-13 09:46:24][WHMCS Installer] INFO: Removing any obsolete file and directories []
[2017-06-13 09:46:24][WHMCS Installer] INFO: Applying Updates for 7.2.0-alpha.1 []
[2017-06-13 09:46:33][WHMCS Installer] INFO: Performing Update Action: convertAddonsBooleanColumns []
[2017-06-13 09:46:36][WHMCS Installer] INFO: Performing Update Action: populateClientIdInHostingAddons []
[2017-06-13 09:46:36][WHMCS Installer] INFO: Performing Update Action: relabelQuoteAcceptedNotificationEmailTemplate []
[2017-06-13 09:46:36][WHMCS Installer] INFO: Performing Update Action: updateWhmcsUrlInClientSignUpEmailToBeALink []
[2017-06-13 09:46:36][WHMCS Installer] INFO: Performing Update Action: updateWhmcsUrlInDomainRegistrationConfirmationEmailToBeALink []
[2017-06-13 09:46:36][WHMCS Installer] INFO: Performing Update Action: updateWhmcsUrlInDedicatedVPSWelcomeEmailToBeALink []
[2017-06-13 09:46:36][WHMCS Installer] INFO: Performing Update Action: updateWhmcsUrlInDomainTransferInitiatedEmailToBeALink []
[2017-06-13 09:46:36][WHMCS Installer] INFO: Performing Update Action: updateWhmcsUrlInDomainRenewalConfirmationEmailToBeALink []
[2017-06-13 09:46:36][WHMCS Installer] INFO: Performing Update Action: updateWhmcsUrlInCreditCardExpiringSoonEmailToBeALink []
[2017-06-13 09:46:36][WHMCS Installer] INFO: Performing Update Action: addViewFeatureHighlightsPermission []
[2017-06-13 09:46:36][WHMCS Installer] INFO: Performing Update Action: addManageMarketPlacePermission []
[2017-06-13 09:46:36][WHMCS Installer] INFO: Performing Update Action: addConfigureTicketEscalationsPermissionsToConfigureSupportDepartments []
[2017-06-13 09:46:36][WHMCS Installer] INFO: Performing Update Action: createDirectDebitPaymentFailedEmailTemplate []
[2017-06-13 09:46:36][WHMCS Installer] INFO: Performing Update Action: createDirectDebitPaymentConfirmationEmailTemplate []
[2017-06-13 09:46:36][WHMCS Installer] INFO: Performing Update Action: createDirectDebitPaymentPendingEmailTemplate []
[2017-06-13 09:46:36][WHMCS Installer] INFO: Performing Update Action: createCreditCardPaymentPendingEmailTemplate []
[2017-06-13 09:46:36][WHMCS Installer] INFO: Performing Update Action: createPaymentReversedNotificationEmailTemplate []
[2017-06-13 09:46:36][WHMCS Installer] INFO: Performing Update Action: createSpamExpertsWelcomeEmailTemplate []
[2017-06-13 09:46:37][WHMCS Installer] INFO: Performing Update Action: createWeeblyWelcomeEmailTemplate []
[2017-06-13 09:46:37][WHMCS Installer] INFO: Performing Update Action: conditionallyCreateHtaccessFile []
[2017-06-13 09:46:37][WHMCS Installer] INFO: Performing Update Action: detectAndSetUriPathMode []
[2017-06-13 09:46:38][WHMCS Installer] INFO: Performing Update Action: createSslConfigurationRequiredEmailTemplate []
[2017-06-13 09:46:38][WHMCS Installer] INFO: Removing any obsolete file and directories []
[2017-06-13 09:46:38][WHMCS Installer] INFO: Applying Updates for 7.2.0-beta.1 []
[2017-06-13 09:46:38][WHMCS Installer] INFO: Removing any obsolete file and directories []
[2017-06-13 09:46:38][WHMCS Installer] INFO: Applying Updates for 7.2.0-beta.2 []
[2017-06-13 09:46:38][WHMCS Installer] INFO: Performing Update Action: addPaymentReversalChangeSettings []
[2017-06-13 09:46:38][WHMCS Installer] INFO: Removing any obsolete file and directories []
[2017-06-13 09:46:38][WHMCS Installer] INFO: Applying Updates for 7.2.0-beta.3 []
[2017-06-13 09:46:39][WHMCS Installer] INFO: Performing Update Action: addMissingDotToSubDomainProductOptions []
[2017-06-13 09:46:39][WHMCS Installer] INFO: Performing Update Action: addAddonIdFieldToModLicensingIfLicensingAddonEnabled []
[2017-06-13 09:46:39][WHMCS Installer] INFO: Performing Update Action: addAutoLinkCriteriaToMarketConnectAddons []
[2017-06-13 09:46:39][WHMCS Installer] INFO: Removing any obsolete file and directories []
[2017-06-13 09:46:39][WHMCS Installer] INFO: Applying Updates for 7.2.0-rc.1 []
[2017-06-13 09:46:39][WHMCS Installer] INFO: Performing Update Action: addSystemURLIfNotDefined []
[2017-06-13 09:46:39][WHMCS Installer] INFO: Removing any obsolete file and directories []
[2017-06-13 09:46:39][WHMCS Installer] INFO: Applying Updates for 7.2.0-release.1 []
[2017-06-13 09:46:45][WHMCS Installer] INFO: Performing Update Action: renameClientIdToUseridInTblHostingAddons []
[2017-06-13 09:46:45][WHMCS Installer] INFO: Removing any obsolete file and directories []
[2017-06-13 09:46:45][WHMCS Installer] INFO: Applying Updates for 7.2.1-release.1 []
[2017-06-13 09:46:45][WHMCS Installer] INFO: Removing any obsolete file and directories []
[2017-06-13 09:46:45][WHMCS Installer] INFO: Applying Updates for 7.2.2-release.1 []
[2017-06-13 09:46:45][WHMCS Installer] INFO: Removing any obsolete file and directories []
[2017-06-13 09:46:46][WHMCS Installer] INFO: Installation process completed. []
